<?xml version="1.0" encoding="UTF-8"?>
<testng-results ignored="0" total="1" passed="1" failed="0" skipped="0">
  <reporter-output>
  </reporter-output>
  <suite started-at="2024-05-23T02:03:07 IST" name="Suite" finished-at="2024-05-23T02:03:23 IST" duration-ms="15534">
    <groups>
      <group name="regression">
        <method signature="TC_001_VoiceGPT.setup_VoiceGPT()[pri:0, instance:MailShootTestCases.TC_001_VoiceGPT@6892b3b6]" name="setup_VoiceGPT" class="MailShootTestCases.TC_001_VoiceGPT"/>
      </group> <!-- regression -->
      <group name="master">
        <method signature="TC_001_VoiceGPT.setup_VoiceGPT()[pri:0, instance:MailShootTestCases.TC_001_VoiceGPT@6892b3b6]" name="setup_VoiceGPT" class="MailShootTestCases.TC_001_VoiceGPT"/>
      </group> <!-- master -->
    </groups>
    <test started-at="2024-05-23T02:03:07 IST" name="UserLogin" finished-at="2024-05-23T02:03:23 IST" duration-ms="15534">
      <class name="MailShootTestCases.TC_001_VoiceGPT">
        <test-method is-config="true" signature="setup(java.lang.String,java.lang.String)[pri:0, instance:MailShootTestCases.TC_001_VoiceGPT@6892b3b6]" started-at="2024-05-23T02:03:08 IST" name="setup" finished-at="2024-05-23T02:03:22 IST" duration-ms="13822" status="PASS">
          <params>
            <param index="0">
              <value>
                <![CDATA[mac]]>
              </value>
            </param>
            <param index="1">
              <value>
                <![CDATA[chrome]]>
              </value>
            </param>
          </params>
          <reporter-output>
          </reporter-output>
        </test-method> <!-- setup -->
        <test-method signature="setup_VoiceGPT()[pri:0, instance:MailShootTestCases.TC_001_VoiceGPT@6892b3b6]" started-at="2024-05-23T02:03:22 IST" name="setup_VoiceGPT" finished-at="2024-05-23T02:03:22 IST" duration-ms="92" status="PASS">
          <reporter-output>
          </reporter-output>
        </test-method> <!-- setup_VoiceGPT -->
      </class> <!-- MailShootTestCases.TC_001_VoiceGPT -->
    </test> <!-- UserLogin -->
  </suite> <!-- Suite -->
</testng-results>
